#
# A fatal error has been detected by the Java Runtime Environment:
#
#  EXCEPTION_ACCESS_VIOLATION (0xc0000005) at pc=0x00007fff5ebb4f5a, pid=16484, tid=16432
#
# JRE version: Java(TM) SE Runtime Environment (25.0.2+10) (build 25.0.2+10-LTS-69)
# Java VM: Java HotSpot(TM) 64-Bit Server VM (25.0.2+10-LTS-69, mixed mode, emulated-client, sharing, tiered, compressed oops, compressed class ptrs, g1 gc, windows-amd64)
# Problematic frame:
# V  [jvm.dll+0x3f4f5a]
#
# No core dump will be written. Minidumps are not enabled by default on client versions of Windows
#
# If you would like to submit a bug report, please visit:
#   https://bugreport.java.com/bugreport/crash.jsp
#

---------------  S U M M A R Y ------------

Command Line: -XX:TieredStopAtLevel=1 -Dspring.output.ansi.enabled=always -Dcom.sun.management.jmxremote -Dspring.jmx.enabled=true -Dspring.liveBeansView.mbeanDomain -Dspring.application.admin.enabled=true -Dmanagement.endpoints.jmx.exposure.include=* -javaagent:C:\Program Files\JetBrains\IntelliJ IDEA 2026.1\lib\idea_rt.jar=52489 -Dfile.encoding=UTF-8 -Dsun.stdout.encoding=UTF-8 -Dsun.stderr.encoding=UTF-8 com.microservice.ecommerce.order_service.OrderServiceApplication

Host: Intel(R) Core(TM) i7-7600U CPU @ 2.80GHz, 4 cores, 15G,  Windows 10 , 64 bit Build 19041 (10.0.19041.5915)
Time: Fri Apr 10 18:48:45 2026 India Standard Time elapsed time: 3.199191 seconds (0d 0h 0m 3s)

---------------  T H R E A D  ---------------

Current thread (0x000001a6719231c0):  WorkerThread "GC Thread#0"    [id=16432, stack(0x0000008f52200000,0x0000008f52300000) (1024K)]

Stack: [0x0000008f52200000,0x0000008f52300000],  sp=0x0000008f522ff200,  free space=1020k
Native frames: (J=compiled Java code, j=interpreted, Vv=VM code, C=native code)
V  [jvm.dll+0x3f4f5a]  (no source info available)
V  [jvm.dll+0x3f8078]  (no source info available)
V  [jvm.dll+0x3f437e]  (no source info available)
V  [jvm.dll+0x4034a9]  (no source info available)
V  [jvm.dll+0x40326d]  (no source info available)
V  [jvm.dll+0x4018ea]  (no source info available)
V  [jvm.dll+0x402deb]  (no source info available)
V  [jvm.dll+0x40db33]  (no source info available)
V  [jvm.dll+0x40de58]  (no source info available)
V  [jvm.dll+0x9998c1]  (no source info available)
V  [jvm.dll+0x906fcd]  (no source info available)
V  [jvm.dll+0x7a56d5]  (no source info available)
C  [ucrtbase.dll+0x21bb2]  (no source info available)
C  [KERNEL32.DLL+0x17374]  (no source info available)
C  [ntdll.dll+0x4cc91]  (no source info available)


siginfo: EXCEPTION_ACCESS_VIOLATION (0xc0000005), reading address 0x0000000000000100


Registers:
RAX=0x000001a671917153, RBX=0x0000000703046ea4, RCX=0x0000000000000000, RDX=0x0000000000000100
RSP=0x0000008f522ff200, RBP=0x0000008f522ff290, RSI=0x000001a6718d3490, RDI=0x000001a60bf3f5e0
R8 =0x000001a6718cac10, R9 =0x0000000000000000, R10=0x0000000000000000, R11=0x00000001d842357e
R12=0x0000000000000000, R13=0x000001a6718ca090, R14=0x000000000000009c, R15=0x0000000000000040
RIP=0x00007fff5ebb4f5a, EFLAGS=0x0000000000010246

XMM[0]=0x0000000223b53c27 0x0000000001e58531
XMM[1]=0x0000000000000000 0x0000000223b4554e
XMM[2]=0x6165722c736d6165 0x7274736576697463
XMM[3]=0x65726f632e726f74 0x636165722c726568
XMM[4]=0x22747865746e6f63 0x2e6c6974752e726f
XMM[5]=0x6578456b73615463 0x6e797341656c706d
XMM[6]=0x0000000000000000 0x0000000000000000
XMM[7]=0x0000000000000000 0x0000000000000000
XMM[8]=0x0000000000000000 0x0000000000000000
XMM[9]=0x0000000000000000 0x0000000000000000
XMM[10]=0x0000000000000000 0x0000000000000000
XMM[11]=0x0000000000000000 0x0000000000000000
XMM[12]=0x0000000000000000 0x0000000000000000
XMM[13]=0x0000000000000000 0x0000000000000000
XMM[14]=0x0000000000000000 0x0000000000000000
XMM[15]=0x0000000000000000 0x0000000000000000
  MXCSR=0x00001fa0


Register to memory mapping:

RAX=0x000001a671917153 points into unknown readable memory: 00 00 00 00 00
RBX=0x0000000703046ea4 is pointing into object: [Ljava.util.HashMap$Node; 
{0x0000000703046e90} - klass: 'java/util/HashMap$Node'[] - flags: is_cloneable_fast 

 - length: 4
RCX=0x0 is null
RDX=0x0000000000000100 is an unknown value
RSP=0x0000008f522ff200 points into unknown readable memory: 0x000001a6718d3490 | 90 34 8d 71 a6 01 00 00
RBP=0x0000008f522ff290 points into unknown readable memory: 0x0000008f522ff4d0 | d0 f4 2f 52 8f 00 00 00
RSI=0x000001a6718d3490 points into unknown readable memory: 0x0000000000000000 | 00 00 00 00 00 00 00 00
RDI=0x000001a60bf3f5e0 points into unknown readable memory: 0x00007fff5f2a99f8 | f8 99 2a 5f ff 7f 00 00
R8 =0x000001a6718cac10 points into unknown readable memory: 0x00007fff5f2a05f8 | f8 05 2a 5f ff 7f 00 00
R9 =0x0 is null
R10=0x0 is null
R11=0x00000001d842357e is an unknown value
R12=0x0 is null
R13=0x000001a6718ca090 points into unknown readable memory: 0x000001a6718abd60 | 60 bd 8a 71 a6 01 00 00
R14=0x000000000000009c is an unknown value
R15=0x0000000000000040 is an unknown value

Top of Stack: (sp=0x0000008f522ff200)
0x0000008f522ff200:   000001a6718d3490 000001a6718d3400   .4.q.....4.q....
0x0000008f522ff210:   0000000000000062 0000000704af82f4   b...............
0x0000008f522ff220:   0000000703046ea5 00007fff5ebb8078   .n......x..^....
0x0000008f522ff230:   000001a60b000000 000001a60bf3f5e0   ................
0x0000008f522ff240:   0000008f522ff350 00007fff5ebbd2fc   P./R.......^....
0x0000008f522ff250:   0000000703047f28 00007fff5ebbd2fc   (..........^....
0x0000008f522ff260:   0000000703048018 00007fff5ef5f02f   ......../..^....
0x0000008f522ff270:   0000008f522ff2f0 00007fff5ebbe28d   ../R.......^....
0x0000008f522ff280:   0000000703047fd0 00007fff5ebbff00   ...........^....
0x0000008f522ff290:   0000008f522ff4d0 0000008f522ff4d0   ../R....../R....
0x0000008f522ff2a0:   0000000000000009 0000000703048018   ................
0x0000008f522ff2b0:   0000000000000040 000001a60bf3f5e0   @...............
0x0000008f522ff2c0:   0000008f522ff3d0 00007fff5ebb437e   ../R....~C.^....
0x0000008f522ff2d0:   0000000703048000 0000000703048000   ................
0x0000008f522ff2e0:   000000070218d000 0000000000000440   ........@.......
0x0000008f522ff2f0:   0000000001e58531 0000000223b53c27   1.......'<.#....
0x0000008f522ff300:   0000000000000009 000001a67d949240   ........@..}....
0x0000008f522ff310:   000001a67195fb70 00007fff5ebc34a9   p..q.....4.^....
0x0000008f522ff320:   0000008f522ff4d0 000001a67195fb70   ../R....p..q....
0x0000008f522ff330:   0000008f522ff3d0 0000000000000000   ../R............
0x0000008f522ff340:   0000000703040008 0000000000000fff   ................
0x0000008f522ff350:   00007fff5f2aaa28 0000000000000000   (.*_............
0x0000008f522ff360:   000001a6718cac10 000001a60bf3f5e0   ...q............
0x0000008f522ff370:   0000008f522ff520 00007fff5ef5f02f    ./R..../..^....
0x0000008f522ff380:   000001a6718abd60 000001a67d949240   `..q....@..}....
0x0000008f522ff390:   000001a67d949240 00007fff5ebc326d   @..}....m2.^....
0x0000008f522ff3a0:   0000001afa765a35 00007fff5f0d3547   5Zv.....G5._....
0x0000008f522ff3b0:   0000000703040000 00007fff5f0d3547   ........G5._....
0x0000008f522ff3c0:   000001a6718c98c0 00007fff5eba47c2   ...q.....G.^....
0x0000008f522ff3d0:   0000000703040008 0000000000000fff   ................
0x0000008f522ff3e0:   0000008f522ff528 000001a6718ca090   (./R.......q....
0x0000008f522ff3f0:   000001a67195fb70 0000008f522ff569   p..q....i./R....

Instructions: (pc=0x00007fff5ebb4f5a)
  0x00007fff5ebb4e5a:   8b 74 24 30 48 8b 5c 24 48 48 83 c4 20 5f e9 33
  0x00007fff5ebb4e6a:   28 00 00 8b 0d 9d 68 95 00 49 8b c1 48 33 c3 48
  0x00007fff5ebb4e7a:   d3 e8 48 85 c0 74 60 0f b6 42 02 4c 8b c3 48 8d
  0x00007fff5ebb4e8a:   54 24 40 88 44 24 42 48 8b cf 66 89 74 24 40 e8
  0x00007fff5ebb4e9a:   72 03 00 00 83 7f 20 01 74 3d 40 84 f6 74 38 48
  0x00007fff5ebb4eaa:   8b 7f 18 8b 0d cd 8d 94 00 48 d3 eb 48 8b 47 58
  0x00007fff5ebb4eba:   48 03 58 30 48 8b 50 28 48 2b da 48 39 9f b0 01
  0x00007fff5ebb4eca:   00 00 74 13 48 03 d3 48 8d 4f 18 e8 76 72 00 00
  0x00007fff5ebb4eda:   48 89 9f b0 01 00 00 48 8b 74 24 30 48 8b 5c 24
  0x00007fff5ebb4eea:   48 48 83 c4 20 5f c3 cc cc cc cc cc cc cc cc cc
  0x00007fff5ebb4efa:   cc cc cc cc cc cc 48 89 5c 24 10 57 48 83 ec 20
  0x00007fff5ebb4f0a:   48 8b f9 48 8b da 8b 0d b2 cf 94 00 8b 12 48 d3
  0x00007fff5ebb4f1a:   e2 4c 8b 47 08 48 03 15 9a cf 94 00 48 8b c2 41
  0x00007fff5ebb4f2a:   8b 88 80 06 00 00 48 d3 e8 48 8d 0c 40 49 8b 80
  0x00007fff5ebb4f3a:   70 06 00 00 44 0f b7 0c 01 44 0f b6 54 01 02 66
  0x00007fff5ebb4f4a:   44 89 4c 24 30 80 7c 24 31 00 0f 8c 36 01 00 00
=>0x00007fff5ebb4f5a:   4c 8b 02 41 0f b6 c0 24 07 3c 03 72 13 41 0f b6
  0x00007fff5ebb4f6a:   c0 49 83 e0 fc c0 e8 02 a8 01 4c 0f 45 c2 eb 21
  0x00007fff5ebb4f7a:   66 44 89 4c 24 30 48 8b cf 4d 8b c8 44 88 54 24
  0x00007fff5ebb4f8a:   32 4c 8b c2 48 8d 54 24 30 e8 08 1b 00 00 4c 8b
  0x00007fff5ebb4f9a:   c0 8b 0d 27 cf 94 00 49 8b d0 48 2b 15 15 cf 94
  0x00007fff5ebb4faa:   00 48 d3 ea 89 13 49 8b d0 8b 0d 57 67 95 00 48
  0x00007fff5ebb4fba:   33 d3 48 d3 ea 48 85 d2 0f 84 c8 00 00 00 48 8b
  0x00007fff5ebb4fca:   47 08 48 8b d3 8b 88 80 06 00 00 4c 8b 88 70 06
  0x00007fff5ebb4fda:   00 00 48 d3 ea 49 8d 04 51 0f b7 04 02 66 89 44
  0x00007fff5ebb4fea:   24 30 80 7c 24 31 fe 0f 84 99 00 00 00 49 d3 e8
  0x00007fff5ebb4ffa:   4b 8d 0c 41 42 0f b7 04 01 66 89 44 24 30 80 7c
  0x00007fff5ebb500a:   24 31 00 7c 46 48 8b 47 58 8b 0d 67 8c 94 00 48
  0x00007fff5ebb501a:   d3 eb 48 03 58 30 48 8b 50 28 48 2b da 48 39 9f
  0x00007fff5ebb502a:   b0 01 00 00 74 60 48 03 d3 48 8d 4f 18 e8 14 71
  0x00007fff5ebb503a:   00 00 48 ff 87 88 02 00 00 48 89 9f b0 01 00 00
  0x00007fff5ebb504a:   48 8b 5c 24 38 48 83 c4 20 5f c3 42 80 3c 01 00


Stack slot to memory mapping:

stack at sp + 0 slots: 0x000001a6718d3490 points into unknown readable memory: 0x0000000000000000 | 00 00 00 00 00 00 00 00
stack at sp + 1 slots: 0x000001a6718d3400 points into unknown readable memory: 0x0000000000000000 | 00 00 00 00 00 00 00 00
stack at sp + 2 slots: 0x0000000000000062 is an unknown value
stack at sp + 3 slots: 
[error occurred during error reporting (inspecting top of stack), id 0xc0000005, EXCEPTION_ACCESS_VIOLATION (0xc0000005) at pc=0x00007fff5eb6f380]
stack at sp + 4 slots: 0x0000000703046ea5 is pointing into object: [Ljava.util.HashMap$Node; 
{0x0000000703046e90} - klass: 'java/util/HashMap$Node'[] - flags: is_cloneable_fast 

 - length: 4
stack at sp + 5 slots: 0x00007fff5ebb8078 jvm.dll
stack at sp + 6 slots: 0x000001a60b000000 points into unknown readable memory: 0x021dc4e5de41d84a | 4a d8 41 de e5 c4 1d 02
stack at sp + 7 slots: 0x000001a60bf3f5e0 points into unknown readable memory: 0x00007fff5f2a99f8 | f8 99 2a 5f ff 7f 00 00


---------------  P R O C E S S  ---------------

Threads class SMR info:
_java_thread_list=0x000001a60bc41390, length=18, elements={
0x000001a6718bb1b0, 0x000001a67e5d0160, 0x000001a67e5d1fd0, 0x000001a67e5d6e50,
0x000001a67e5d8a20, 0x000001a67e5db5f0, 0x000001a67e5dc1b0, 0x000001a67e5dcd70,
0x000001a60a081500, 0x000001a60a081d10, 0x000001a60a0baed0, 0x000001a60a801030,
0x000001a60a7f98c0, 0x000001a60b11dcc0, 0x000001a60b170e80, 0x000001a60b1c7cf0,
0x000001a60b1aa6c0, 0x000001a60b602e60
}

Java Threads: ( => current thread )
  0x000001a6718bb1b0 JavaThread "main"                              [_thread_blocked, id=2704, stack(0x0000008f52100000,0x0000008f52200000) (1024K)]
  0x000001a67e5d0160 JavaThread "Reference Handler"          daemon [_thread_blocked, id=8048, stack(0x0000008f52900000,0x0000008f52a00000) (1024K)]
  0x000001a67e5d1fd0 JavaThread "Finalizer"                  daemon [_thread_blocked, id=6180, stack(0x0000008f52a00000,0x0000008f52b00000) (1024K)]
  0x000001a67e5d6e50 JavaThread "Signal Dispatcher"          daemon [_thread_blocked, id=8884, stack(0x0000008f52b00000,0x0000008f52c00000) (1024K)]
  0x000001a67e5d8a20 JavaThread "Attach Listener"            daemon [_thread_blocked, id=17268, stack(0x0000008f52c00000,0x0000008f52d00000) (1024K)]
  0x000001a67e5db5f0 JavaThread "Service Thread"             daemon [_thread_blocked, id=13412, stack(0x0000008f52d00000,0x0000008f52e00000) (1024K)]
  0x000001a67e5dc1b0 JavaThread "Monitor Deflation Thread"   daemon [_thread_blocked, id=12156, stack(0x0000008f52e00000,0x0000008f52f00000) (1024K)]
  0x000001a67e5dcd70 JavaThread "C1 CompilerThread0"         daemon [_thread_blocked, id=10936, stack(0x0000008f52f00000,0x0000008f53000000) (1024K)]
  0x000001a60a081500 JavaThread "C1 CompilerThread1"         daemon [_thread_blocked, id=9052, stack(0x0000008f53000000,0x0000008f53100000) (1024K)]
  0x000001a60a081d10 JavaThread "C1 CompilerThread2"         daemon [_thread_blocked, id=11400, stack(0x0000008f53100000,0x0000008f53200000) (1024K)]
  0x000001a60a0baed0 JavaThread "Common-Cleaner"             daemon [_thread_blocked, id=3560, stack(0x0000008f53200000,0x0000008f53300000) (1024K)]
  0x000001a60a801030 JavaThread "Monitor Ctrl-Break"         daemon [_thread_in_native, id=10296, stack(0x0000008f53300000,0x0000008f53400000) (1024K)]
  0x000001a60a7f98c0 JavaThread "Notification Thread"        daemon [_thread_blocked, id=4196, stack(0x0000008f53400000,0x0000008f53500000) (1024K)]
  0x000001a60b11dcc0 JavaThread "RMI TCP Accept-0"           daemon [_thread_in_native, id=7672, stack(0x0000008f53500000,0x0000008f53600000) (1024K)]
  0x000001a60b170e80 JavaThread "RMI TCP Connection(1)-192.168.1.4" daemon [_thread_blocked, id=12712, stack(0x0000008f53600000,0x0000008f53700000) (1024K)]
  0x000001a60b1c7cf0 JavaThread "RMI Scheduler(0)"           daemon [_thread_blocked, id=17116, stack(0x0000008f53700000,0x0000008f53800000) (1024K)]
  0x000001a60b1aa6c0 JavaThread "JMX server connection timeout 29" daemon [_thread_blocked, id=17228, stack(0x0000008f53800000,0x0000008f53900000) (1024K)]
  0x000001a60b602e60 JavaThread "RMI TCP Connection(2)-192.168.1.4" daemon [_thread_blocked, id=9908, stack(0x0000008f53c00000,0x0000008f53d00000) (1024K)]
Total: 18

Other Threads:
  0x000001a67e5bff60 VMThread "VM Thread"                           [id=2620, stack(0x0000008f52800000,0x0000008f52900000) (1024K)]
  0x000001a67e5b3ec0 WatcherThread "VM Periodic Task Thread"        [id=9352, stack(0x0000008f52700000,0x0000008f52800000) (1024K)]
=>0x000001a6719231c0 WorkerThread "GC Thread#0"                     [id=16432, stack(0x0000008f52200000,0x0000008f52300000) (1024K)]
  0x000001a60b1cc8a0 WorkerThread "GC Thread#1"                     [id=13016, stack(0x0000008f53900000,0x0000008f53a00000) (1024K)]
  0x000001a60b1cccd0 WorkerThread "GC Thread#2"                     [id=14272, stack(0x0000008f53a00000,0x0000008f53b00000) (1024K)]
  0x000001a60b1cd100 WorkerThread "GC Thread#3"                     [id=16088, stack(0x0000008f53b00000,0x0000008f53c00000) (1024K)]
  0x000001a67193bfb0 ConcurrentGCThread "G1 Main Marker"            [id=11696, stack(0x0000008f52300000,0x0000008f52400000) (1024K)]
  0x000001a67193cb50 WorkerThread "G1 Conc#0"                       [id=17304, stack(0x0000008f52400000,0x0000008f52500000) (1024K)]
  0x000001a67e4860b0 ConcurrentGCThread "G1 Refine#0"               [id=17064, stack(0x0000008f52500000,0x0000008f52600000) (1024K)]
  0x000001a67e486af0 ConcurrentGCThread "G1 Service"                [id=15476, stack(0x0000008f52600000,0x0000008f52700000) (1024K)]
Total: 10

Threads with active compile tasks:
C1 CompilerThread1  3362 4182       1       org.springframework.boot.autoconfigure.condition.OnBeanCondition$Spec::extract (168 bytes)
Total: 1

VM state: at safepoint (normal execution)

VM Mutex/Monitor currently owned by a thread:  ([mutex/lock_event])
[0x00007fff5f5395e8] Threads_lock - owner thread: 0x000001a67e5bff60
[0x00007fff5f539768] Heap_lock - owner thread: 0x000001a6718bb1b0

Heap address: 0x0000000701e00000, size: 4066 MB, Compressed Oops mode: Zero based, Oop shift amount: 3

CDS archive(s) mapped at: [0x000000001e000000-0x000000001edd0000-0x000000001edd0000), size 14483456, SharedBaseAddress: 0x000000001e000000, ArchiveRelocationMode: 1.
Compressed class space mapped at: 0x000000001f000000-0x000000005f000000, reserved size: 1073741824
UseCompressedClassPointers 1, UseCompactObjectHeaders 0
Narrow klass pointer bits 32, Max shift 3
Narrow klass base: 0x000000001e000000, Narrow klass shift: 0
Encoding Range: [0x000000001e000000 - 0x000000011e000000), (4294967296 bytes)
Klass Range:    [0x000000001e010000 - 0x000000005f000000), (1090453504 bytes)
Klass ID Range:  [65536 - 1090519033) (1090453497)
Protection zone: [0x000000001e000000 - 0x000000001e010000), (65536 bytes)

GC Precious Log:
 CardTable entry size: 512
 Card Set container configuration: InlinePtr #cards 4 size 8 Array Of Cards #cards 16 size 48 Howl #buckets 8 coarsen threshold 3686 Howl Bitmap #cards 512 size 80 coarsen threshold 460 Card regions per heap region 1 cards per card region 4096
 CPUs: 4 total, 4 available
 Memory: 16259M
 Large Page Support: Disabled
 NUMA Support: Disabled
 Compressed Oops: Enabled (Zero based)
 Heap Region Size: 2M
 Heap Min Capacity: 8M
 Heap Initial Capacity: 256M
 Heap Max Capacity: 4066M
 Pre-touch: Disabled
 Parallel Workers: 4
 Concurrent Workers: 1
 Concurrent Refinement Workers: 4
 Periodic GC: Disabled

Heap:
 garbage-first heap   total reserved 4163584K, committed 81920K, used 54788K [0x0000000701e00000, 0x0000000800000000)
  region size 2048K, 18 young (36864K), 3 survivors (6144K)

Heap Regions: E=young(eden), S=young(survivor), O=old, HS=humongous(starts), HC=humongous(continues), CS=collection set, F=free, TAMS=top-at-mark-start, PB=parsable bottom
|   0|0x0000000701e00000, 0x0000000702000000, 0x0000000702000000|100%| O|  |TAMS 0x0000000701e00000| PB 0x0000000701e00000| Untracked |  0
|   1|0x0000000702000000, 0x0000000702200000, 0x0000000702200000|100%| O|  |TAMS 0x0000000702000000| PB 0x0000000702000000| Untracked |  0
|   2|0x0000000702200000, 0x0000000702400000, 0x0000000702400000|100%| O|  |TAMS 0x0000000702200000| PB 0x0000000702200000| Untracked |  0
|   3|0x0000000702400000, 0x0000000702418000, 0x0000000702600000|  4%| O|  |TAMS 0x0000000702400000| PB 0x0000000702400000| Untracked |  0
|   4|0x0000000702600000, 0x0000000702800000, 0x0000000702800000|100%| O|  |TAMS 0x0000000702600000| PB 0x0000000702600000| Untracked |  0
|   5|0x0000000702800000, 0x0000000702a00000, 0x0000000702a00000|100%| O|  |TAMS 0x0000000702800000| PB 0x0000000702800000| Untracked |  0
|   6|0x0000000702a00000, 0x0000000702c00000, 0x0000000702c00000|100%| O|  |TAMS 0x0000000702a00000| PB 0x0000000702a00000| Untracked |  0
|   7|0x0000000702c00000, 0x0000000702e00000, 0x0000000702e00000|100%| O|  |TAMS 0x0000000702c00000| PB 0x0000000702c00000| Untracked |  0
|   8|0x0000000702e00000, 0x0000000703000000, 0x0000000703000000|100%| O|  |TAMS 0x0000000702e00000| PB 0x0000000702e00000| Untracked |  0
|   9|0x0000000703000000, 0x0000000703200000, 0x0000000703200000|100%| O|  |TAMS 0x0000000703000000| PB 0x0000000703000000| Untracked |  0
|  10|0x0000000703200000, 0x0000000703400000, 0x0000000703400000|100%| O|  |TAMS 0x0000000703200000| PB 0x0000000703200000| Untracked |  0
|  11|0x0000000703400000, 0x0000000703600000, 0x0000000703600000|100%| O|  |TAMS 0x0000000703400000| PB 0x0000000703400000| Untracked |  0
|  12|0x0000000703600000, 0x0000000703684cb8, 0x0000000703800000| 25%| E|CS|TAMS 0x0000000703600000| PB 0x0000000703600000| Complete |  0
|  13|0x0000000703800000, 0x0000000703a00000, 0x0000000703a00000|100%| E|CS|TAMS 0x0000000703800000| PB 0x0000000703800000| Complete |  0
|  14|0x0000000703a00000, 0x0000000703c00000, 0x0000000703c00000|100%| E|CS|TAMS 0x0000000703a00000| PB 0x0000000703a00000| Complete |  0
|  15|0x0000000703c00000, 0x0000000703cba1b0, 0x0000000703e00000| 36%| O|  |TAMS 0x0000000703c00000| PB 0x0000000703c00000| Untracked |  0
|  16|0x0000000703e00000, 0x0000000703e00000, 0x0000000704000000|  0%| F|  |TAMS 0x0000000703e00000| PB 0x0000000703e00000| Untracked |  0
|  17|0x0000000704000000, 0x0000000704000000, 0x0000000704200000|  0%| F|  |TAMS 0x0000000704000000| PB 0x0000000704000000| Untracked |  0
|  18|0x0000000704200000, 0x0000000704200000, 0x0000000704400000|  0%| F|  |TAMS 0x0000000704200000| PB 0x0000000704200000| Untracked |  0
|  19|0x0000000704400000, 0x0000000704400000, 0x0000000704600000|  0%| F|  |TAMS 0x0000000704400000| PB 0x0000000704400000| Untracked |  0
|  20|0x0000000704600000, 0x0000000704600000, 0x0000000704800000|  0%| F|  |TAMS 0x0000000704600000| PB 0x0000000704600000| Untracked |  0
|  21|0x0000000704800000, 0x00000007048e7100, 0x0000000704a00000| 45%| S|  |TAMS 0x0000000704800000| PB 0x0000000704800000| Complete |  0
|  22|0x0000000704a00000, 0x0000000704c00000, 0x0000000704c00000|100%| S|  |TAMS 0x0000000704a00000| PB 0x0000000704a00000| Complete |  0
|  23|0x0000000704c00000, 0x0000000704e00000, 0x0000000704e00000|100%| S|  |TAMS 0x0000000704c00000| PB 0x0000000704c00000| Complete |  0
|  24|0x0000000704e00000, 0x0000000705000000, 0x0000000705000000|100%| E|CS|TAMS 0x0000000704e00000| PB 0x0000000704e00000| Complete |  0
|  25|0x0000000705000000, 0x0000000705200000, 0x0000000705200000|100%| E|CS|TAMS 0x0000000705000000| PB 0x0000000705000000| Complete |  0
|  26|0x0000000705200000, 0x0000000705400000, 0x0000000705400000|100%| E|CS|TAMS 0x0000000705200000| PB 0x0000000705200000| Complete |  0
|  27|0x0000000705400000, 0x0000000705600000, 0x0000000705600000|100%| E|CS|TAMS 0x0000000705400000| PB 0x0000000705400000| Complete |  0
|  28|0x0000000705600000, 0x0000000705800000, 0x0000000705800000|100%| E|CS|TAMS 0x0000000705600000| PB 0x0000000705600000| Complete |  0
|  29|0x0000000705800000, 0x0000000705a00000, 0x0000000705a00000|100%| E|CS|TAMS 0x0000000705800000| PB 0x0000000705800000| Complete |  0
|  30|0x0000000705a00000, 0x0000000705c00000, 0x0000000705c00000|100%| E|CS|TAMS 0x0000000705a00000| PB 0x0000000705a00000| Complete |  0
|  80|0x000000070be00000, 0x000000070c000000, 0x000000070c000000|100%| E|CS|TAMS 0x000000070be00000| PB 0x000000070be00000| Complete |  0
|  81|0x000000070c000000, 0x000000070c200000, 0x000000070c200000|100%| E|CS|TAMS 0x000000070c000000| PB 0x000000070c000000| Complete |  0
|  82|0x000000070c200000, 0x000000070c400000, 0x000000070c400000|100%| E|CS|TAMS 0x000000070c200000| PB 0x000000070c200000| Complete |  0
|  83|0x000000070c400000, 0x000000070c600000, 0x000000070c600000|100%| E|CS|TAMS 0x000000070c400000| PB 0x000000070c400000| Complete |  0
|  84|0x000000070c600000, 0x000000070c800000, 0x000000070c800000|100%| E|CS|TAMS 0x000000070c600000| PB 0x000000070c600000| Complete |  0
|  85|0x000000070c800000, 0x000000070ca00000, 0x000000070ca00000|100%| E|CS|TAMS 0x000000070c800000| PB 0x000000070c800000| Complete |  0
|  86|0x000000070ca00000, 0x000000070cc00000, 0x000000070cc00000|100%| E|CS|TAMS 0x000000070ca00000| PB 0x000000070ca00000| Complete |  0
| 127|0x0000000711c00000, 0x0000000711e00000, 0x0000000711e00000|100%| E|CS|TAMS 0x0000000711c00000| PB 0x0000000711c00000| Complete |  0
|2032|0x00000007ffe00000, 0x00000007fff257b8, 0x0000000800000000| 57%| O|CS|TAMS 0x00000007ffe00000| PB 0x00000007ffe00000| Complete |  0

Card table byte_map: [0x000001a67d940000,0x000001a67e140000] _byte_map_base: 0x000001a67a131000

Marking Bits: (CMBitMap*) 0x000001a671923950
 Bits: [0x000001a600000000, 0x000001a603f88000)

Polling page: 0x000001a66f6a0000

Metaspace:
Metaspace        used 28581K, committed 28928K, reserved 1114112K
 class space     used 3816K, committed 3968K, reserved 1048576K

Usage:
  Non-class:     24.18 MB used.
      Class:      3.73 MB used.
       Both:     27.91 MB used.

Virtual space:
  Non-class space:       64.00 MB reserved,      24.38 MB ( 38%) committed,  1 nodes.
      Class space:        1.00 GB reserved,       3.88 MB ( <1%) committed,  1 nodes.
             Both:        1.06 GB reserved,      28.25 MB (  3%) committed. 

Chunk freelists:
   Non-Class:  6.75 MB
       Class:  12.13 MB
        Both:  18.88 MB

MaxMetaspaceSize: unlimited
CompressedClassSpaceSize: 1.00 GB
Initial GC threshold: 21.00 MB
Current GC threshold: 35.44 MB
CDS: on
 - commit_granule_bytes: 65536.
 - commit_granule_words: 8192.
 - virtual_space_node_default_size: 8388608.
 - enlarge_chunks_in_place: 1.
UseCompressedClassPointers 1, UseCompactObjectHeaders 0
Narrow klass pointer bits 32, Max shift 3
Narrow klass base: 0x000000001e000000, Narrow klass shift: 0
Encoding Range: [0x000000001e000000 - 0x000000011e000000), (4294967296 bytes)
Klass Range:    [0x000000001e010000 - 0x000000005f000000), (1090453504 bytes)
Klass ID Range:  [65536 - 1090519033) (1090453497)
Protection zone: [0x000000001e000000 - 0x000000001e010000), (65536 bytes)


Internal statistics:

num_allocs_failed_limit: 5.
num_arena_births: 326.
num_arena_deaths: 0.
num_vsnodes_births: 2.
num_vsnodes_deaths: 0.
num_space_committed: 452.
num_space_uncommitted: 0.
num_chunks_returned_to_freelist: 5.
num_chunks_taken_from_freelist: 1181.
num_chunk_merges: 5.
num_chunk_splits: 855.
num_chunks_enlarged: 685.
num_inconsistent_stats: 0.

CodeCache: size=49152Kb used=7038Kb max_used=7038Kb free=42114Kb
 bounds [0x000001a67a140000, 0x000001a67a820000, 0x000001a67d140000]
 total_blobs=4752, nmethods=4183, adapters=490, full_count=0
Compilation: enabled, stopped_count=0, restarted_count=0

Compilation events (20 events):
Event: 3.160 Thread 0x000001a60a081500 4174       1       org.springframework.core.annotation.TypeMappedAnnotations$MergedAnnotationFinder::<init> (37 bytes)
Event: 3.160 Thread 0x000001a67e5dcd70 4175       1       org.springframework.core.annotation.TypeMappedAnnotations$MergedAnnotationFinder::finish (9 bytes)
Event: 3.160 Thread 0x000001a67e5dcd70 nmethod 4175 0x000001a67a81d308 code [0x000001a67a81d400, 0x000001a67a81d528]
Event: 3.160 Thread 0x000001a60a081500 nmethod 4174 0x000001a67a81d608 code [0x000001a67a81d700, 0x000001a67a81d960]
Event: 3.160 Thread 0x000001a60a081d10 4176       1       org.springframework.core.annotation.TypeMappedAnnotations$MergedAnnotationFinder::finish (13 bytes)
Event: 3.160 Thread 0x000001a60a081d10 nmethod 4176 0x000001a67a81d988 code [0x000001a67a81da80, 0x000001a67a81db58]
Event: 3.163 Thread 0x000001a67e5dcd70 4178       1       org.springframework.beans.factory.support.AbstractBeanDefinition::isDefaultCandidate (5 bytes)
Event: 3.163 Thread 0x000001a60a081500 4177       1       org.springframework.beans.factory.support.AbstractBeanDefinition::isAutowireCandidate (5 bytes)
Event: 3.164 Thread 0x000001a67e5dcd70 nmethod 4178 0x000001a67a81dc88 code [0x000001a67a81dd80, 0x000001a67a81de48]
Event: 3.164 Thread 0x000001a60a081500 nmethod 4177 0x000001a67a81df88 code [0x000001a67a81e080, 0x000001a67a81e148]
Event: 3.164 Thread 0x000001a67e5dcd70 4179       1       org.springframework.context.annotation.ConfigurationClassBeanDefinitionReader$ConfigurationClassBeanDefinition::getMetadata (5 bytes)
Event: 3.164 Thread 0x000001a67e5dcd70 nmethod 4179 0x000001a67a81e288 code [0x000001a67a81e380, 0x000001a67a81e450]
Event: 3.169 Thread 0x000001a60a081500 4180       1       org.springframework.beans.factory.support.AbstractBeanDefinition::setRole (6 bytes)
Event: 3.169 Thread 0x000001a67e5dcd70 4181       1       org.springframework.beans.factory.support.AbstractBeanDefinition::getBeanClassName (29 bytes)
Event: 3.169 Thread 0x000001a60a081500 nmethod 4180 0x000001a67a81e588 code [0x000001a67a81e680, 0x000001a67a81e748]
Event: 3.169 Thread 0x000001a67e5dcd70 nmethod 4181 0x000001a67a81e888 code [0x000001a67a81e980, 0x000001a67a81eb38]
Event: 3.170 Thread 0x000001a60a081500 4182       1       org.springframework.boot.autoconfigure.condition.OnBeanCondition$Spec::extract (168 bytes)
Event: 3.170 Thread 0x000001a67e5dcd70 4183       1       java.lang.invoke.DirectMethodHandle$Holder::newInvokeSpecial (21 bytes)
Event: 3.171 Thread 0x000001a67e5dcd70 nmethod 4183 0x000001a67a81eb88 code [0x000001a67a81ec80, 0x000001a67a81ee28]
Event: 3.171 Thread 0x000001a60a081500 nmethod 4182 0x000001a67a81ee88 code [0x000001a67a81efa0, 0x000001a67a81f7a8]

GC Heap Usage History (7 events):
Event: 0.815 {heap Before GC invocations=0 (full 0):
 garbage-first heap   total reserved 4163584K, committed 264192K, used 27797K [0x0000000701e00000, 0x0000000800000000)
  region size 2048K, 14 young (28672K), 0 survivors (0K)
}
Event: 0.821 {heap After GC invocations=1 (full 0):
 garbage-first heap   total reserved 4163584K, committed 264192K, used 11509K [0x0000000701e00000, 0x0000000800000000)
  region size 2048K, 2 young (4096K), 2 survivors (4096K)
}
Event: 2.081 {heap Before GC invocations=1 (full 0):
 garbage-first heap   total reserved 4163584K, committed 264192K, used 87285K [0x0000000701e00000, 0x0000000800000000)
  region size 2048K, 41 young (83968K), 2 survivors (4096K)
}
Event: 2.092 {heap After GC invocations=2 (full 0):
 garbage-first heap   total reserved 4163584K, committed 264192K, used 20057K [0x0000000701e00000, 0x0000000800000000)
  region size 2048K, 7 young (14336K), 7 survivors (14336K)
}
Event: 2.557 {heap Before GC invocations=3 (full 0):
 garbage-first heap   total reserved 4163584K, committed 81920K, used 52825K [0x0000000701e00000, 0x0000000800000000)
  region size 2048K, 24 young (49152K), 7 survivors (14336K)
}
Event: 2.573 {heap After GC invocations=4 (full 0):
 garbage-first heap   total reserved 4163584K, committed 81920K, used 24068K [0x0000000701e00000, 0x0000000800000000)
  region size 2048K, 3 young (6144K), 3 survivors (6144K)
}
Event: 3.171 {heap Before GC invocations=4 (full 0):
 garbage-first heap   total reserved 4163584K, committed 81920K, used 54788K [0x0000000701e00000, 0x0000000800000000)
  region size 2048K, 18 young (36864K), 3 survivors (6144K)
}

Metaspace Usage History (7 events):
Event: 0.815 {metaspace Before GC invocations=0 (full 0):
 Metaspace       used 5824K, committed 6016K, reserved 1114112K
  class space    used 679K, committed 768K, reserved 1048576K
}
Event: 0.821 {metaspace After GC invocations=1 (full 0):
 Metaspace       used 5824K, committed 6016K, reserved 1114112K
  class space    used 679K, committed 768K, reserved 1048576K
}
Event: 2.081 {metaspace Before GC invocations=1 (full 0):
 Metaspace       used 21248K, committed 21504K, reserved 1114112K
  class space    used 2885K, committed 3008K, reserved 1048576K
}
Event: 2.092 {metaspace After GC invocations=2 (full 0):
 Metaspace       used 21248K, committed 21504K, reserved 1114112K
  class space    used 2885K, committed 3008K, reserved 1048576K
}
Event: 2.557 {metaspace Before GC invocations=3 (full 0):
 Metaspace       used 26738K, committed 27072K, reserved 1114112K
  class space    used 3549K, committed 3712K, reserved 1048576K
}
Event: 2.573 {metaspace After GC invocations=4 (full 0):
 Metaspace       used 26738K, committed 27072K, reserved 1114112K
  class space    used 3549K, committed 3712K, reserved 1048576K
}
Event: 3.171 {metaspace Before GC invocations=4 (full 0):
 Metaspace       used 28581K, committed 28928K, reserved 1114112K
  class space    used 3816K, committed 3968K, reserved 1048576K
}

Dll operation events (11 events):
Event: 0.016 Loaded shared library C:\Program Files\Java\jdk-25.0.2\bin\java.dll
Event: 0.306 Loaded shared library C:\Program Files\Java\jdk-25.0.2\bin\zip.dll
Event: 0.310 Loaded shared library C:\Program Files\Java\jdk-25.0.2\bin\instrument.dll
Event: 0.316 Loaded shared library C:\Program Files\Java\jdk-25.0.2\bin\net.dll
Event: 0.318 Loaded shared library C:\Program Files\Java\jdk-25.0.2\bin\nio.dll
Event: 0.323 Loaded shared library C:\Program Files\Java\jdk-25.0.2\bin\zip.dll
Event: 0.338 Loaded shared library C:\Program Files\Java\jdk-25.0.2\bin\jimage.dll
Event: 0.526 Loaded shared library C:\Program Files\Java\jdk-25.0.2\bin\management.dll
Event: 0.527 Loaded shared library C:\Program Files\Java\jdk-25.0.2\bin\extnet.dll
Event: 0.537 Loaded shared library C:\Program Files\Java\jdk-25.0.2\bin\management_ext.dll
Event: 2.058 Loaded shared library C:\Program Files\Java\jdk-25.0.2\bin\sunmscapi.dll

Deoptimization events (0 events):
No events

Classes loaded (20 events):
Event: 2.277 Loading class jdk/internal/classfile/impl/AnnotationImpl$OfIntImpl
Event: 2.277 Loading class jdk/internal/classfile/impl/AnnotationImpl$OfIntImpl done
Event: 2.283 Loading class jdk/internal/classfile/impl/BoundAttribute$BoundExceptionsAttribute
Event: 2.283 Loading class jdk/internal/classfile/impl/BoundAttribute$BoundExceptionsAttribute done
Event: 2.285 Loading class java/lang/invoke/TypeConvertingMethodAdapter$BoxHolder
Event: 2.286 Loading class java/lang/invoke/TypeConvertingMethodAdapter$BoxHolder done
Event: 2.310 Loading class jdk/internal/classfile/impl/AbstractAttributeMapper$NestHostMapper
Event: 2.310 Loading class jdk/internal/classfile/impl/AbstractAttributeMapper$NestHostMapper done
Event: 2.310 Loading class jdk/internal/classfile/impl/BoundAttribute$BoundNestHostAttribute
Event: 2.311 Loading class jdk/internal/classfile/impl/BoundAttribute$BoundNestHostAttribute done
Event: 2.353 Loading class java/util/stream/Streams$ConcatSpliterator$OfRef
Event: 2.353 Loading class java/util/stream/Streams$ConcatSpliterator
Event: 2.353 Loading class java/util/stream/Streams$ConcatSpliterator done
Event: 2.353 Loading class java/util/stream/Streams$ConcatSpliterator$OfRef done
Event: 2.353 Loading class java/util/stream/Streams$2
Event: 2.353 Loading class java/util/stream/Streams$2 done
Event: 2.546 Loading class java/security/AccessControlException
Event: 2.546 Loading class java/security/AccessControlException done
Event: 2.551 Loading class java/beans/PropertyVetoException
Event: 2.551 Loading class java/beans/PropertyVetoException done

Classes unloaded (0 events):
No events

Classes redefined (0 events):
No events

Internal exceptions (20 events):
Event: 1.538 Thread 0x000001a6718bb1b0 Exception <a 'java/lang/NoSuchMethodError'{0x000000070f330ac8}: 'java.lang.Object java.lang.invoke.DirectMethodHandle$Holder.newInvokeSpecial(java.lang.Object, java.lang.Object, java.lang.Object, java.lang.Object, java.lang.Object, java.lang.Object, int)'> (0x000000070f330ac8) 
thrown [s\open\src\hotspot\share\interpreter\linkResolver.cpp, line 804]
Event: 1.539 Thread 0x000001a6718bb1b0 Exception <a 'java/lang/NoSuchMethodError'{0x000000070f339b80}: 'java.lang.Object java.lang.invoke.DirectMethodHandle$Holder.invokeSpecial(java.lang.Object, java.lang.Object, java.lang.Object, java.lang.Object, java.lang.Object, java.lang.Object, java.lang.Object, int)'> (0x000000070f339b80) 
thrown [s\open\src\hotspot\share\interpreter\linkResolver.cpp, line 804]
Event: 1.571 Thread 0x000001a6718bb1b0 Exception <a 'java/lang/NoSuchMethodError'{0x000000070f09c3b8}: 'void java.lang.invoke.DirectMethodHandle$Holder.invokeSpecial(java.lang.Object, java.lang.Object, java.lang.Object, java.lang.Object, java.lang.Object)'> (0x000000070f09c3b8) 
thrown [s\open\src\hotspot\share\interpreter\linkResolver.cpp, line 804]
Event: 1.580 Thread 0x000001a6718bb1b0 Exception <a 'java/lang/NoSuchMethodError'{0x000000070f0e7c28}: 'int java.lang.invoke.DirectMethodHandle$Holder.invokeVirtual(java.lang.Object, java.lang.Object)'> (0x000000070f0e7c28) 
thrown [s\open\src\hotspot\share\interpreter\linkResolver.cpp, line 804]
Event: 1.602 Thread 0x000001a6718bb1b0 Exception <a 'java/lang/NoSuchMethodError'{0x000000070f1ebd00}: 'java.lang.Object java.lang.invoke.DirectMethodHandle$Holder.newInvokeSpecial(java.lang.Object, java.lang.Object, java.lang.Object, int, java.lang.Object)'> (0x000000070f1ebd00) 
thrown [s\open\src\hotspot\share\interpreter\linkResolver.cpp, line 804]
Event: 1.602 Thread 0x000001a6718bb1b0 Exception <a 'java/lang/NoSuchMethodError'{0x000000070f1fc448}: 'java.lang.Object java.lang.invoke.Invokers$Holder.linkToTargetMethod(java.lang.Object, java.lang.Object, int, java.lang.Object, java.lang.Object)'> (0x000000070f1fc448) 
thrown [s\open\src\hotspot\share\interpreter\linkResolver.cpp, line 804]
Event: 1.604 Thread 0x000001a6718bb1b0 Exception <a 'java/lang/NoSuchMethodError'{0x000000070ee17a38}: 'java.lang.Object java.lang.invoke.DirectMethodHandle$Holder.newInvokeSpecial(java.lang.Object, int, java.lang.Object)'> (0x000000070ee17a38) 
thrown [s\open\src\hotspot\share\interpreter\linkResolver.cpp, line 804]
Event: 1.604 Thread 0x000001a6718bb1b0 Exception <a 'java/lang/NoSuchMethodError'{0x000000070ee205c8}: 'int java.lang.invoke.DirectMethodHandle$Holder.invokeSpecialIFC(java.lang.Object, java.lang.Object, java.lang.Object, java.lang.Object)'> (0x000000070ee205c8) 
thrown [s\open\src\hotspot\share\interpreter\linkResolver.cpp, line 804]
Event: 1.625 Thread 0x000001a6718bb1b0 Exception <a 'java/lang/NoSuchMethodError'{0x000000070ef05d40}: 'void java.lang.invoke.DirectMethodHandle$Holder.invokeInterface(java.lang.Object, java.lang.Object, java.lang.Object)'> (0x000000070ef05d40) 
thrown [s\open\src\hotspot\share\interpreter\linkResolver.cpp, line 804]
Event: 1.669 Thread 0x000001a6718bb1b0 Exception <a 'java/lang/NoSuchMethodError'{0x000000070ed25e38}: 'java.lang.Object java.lang.invoke.DirectMethodHandle$Holder.invokeVirtual(java.lang.Object, java.lang.Object, java.lang.Object)'> (0x000000070ed25e38) 
thrown [s\open\src\hotspot\share\interpreter\linkResolver.cpp, line 804]
Event: 1.690 Thread 0x000001a6718bb1b0 Exception <a 'java/lang/NoSuchMethodError'{0x000000070edf8420}: 'void java.lang.invoke.DirectMethodHandle$Holder.invokeStatic(java.lang.Object, java.lang.Object, int)'> (0x000000070edf8420) 
thrown [s\open\src\hotspot\share\interpreter\linkResolver.cpp, line 804]
Event: 1.714 Thread 0x000001a6718bb1b0 Exception <a 'java/lang/NoSuchMethodError'{0x000000070eb224d8}: 'void java.lang.invoke.DirectMethodHandle$Holder.invokeVirtual(java.lang.Object, java.lang.Object, java.lang.Object, java.lang.Object)'> (0x000000070eb224d8) 
thrown [s\open\src\hotspot\share\interpreter\linkResolver.cpp, line 804]
Event: 1.780 Thread 0x000001a6718bb1b0 Exception <a 'java/lang/IncompatibleClassChangeError'{0x000000070e746498}: Found class java.lang.Object, but interface was expected> (0x000000070e746498) 
thrown [s\open\src\hotspot\share\interpreter\linkResolver.cpp, line 871]
Event: 1.828 Thread 0x000001a60b1d2c60 Exception <a 'java/lang/NoSuchMethodError'{0x000000070e3b9830}: 'java.lang.Object java.lang.invoke.Invokers$Holder.linkToTargetMethod(java.lang.Object, int, java.lang.Object, java.lang.Object)'> (0x000000070e3b9830) 
thrown [s\open\src\hotspot\share\interpreter\linkResolver.cpp, line 804]
Event: 1.974 Thread 0x000001a60b1d2c60 Exception <a 'java/lang/NoSuchMethodError'{0x000000070d4fdab8}: 'long java.lang.invoke.DirectMethodHandle$Holder.invokeStatic(java.lang.Object, java.lang.Object)'> (0x000000070d4fdab8) 
thrown [s\open\src\hotspot\share\interpreter\linkResolver.cpp, line 804]
Event: 1.974 Thread 0x000001a60b1d2c60 Exception <a 'java/lang/NoSuchMethodError'{0x000000070d551608}: 'long java.lang.invoke.DirectMethodHandle$Holder.invokeStaticInit(java.lang.Object, java.lang.Object)'> (0x000000070d551608) 
thrown [s\open\src\hotspot\share\interpreter\linkResolver.cpp, line 804]
Event: 1.976 Thread 0x000001a60b1d2c60 Exception <a 'java/lang/NoSuchMethodError'{0x000000070d576ab0}: 'long java.lang.invoke.DirectMethodHandle$Holder.invokeInterface(java.lang.Object, java.lang.Object)'> (0x000000070d576ab0) 
thrown [s\open\src\hotspot\share\interpreter\linkResolver.cpp, line 804]
Event: 1.976 Thread 0x000001a60b1d2c60 Exception <a 'java/lang/IncompatibleClassChangeError'{0x000000070d57e768}: Found class java.lang.Object, but interface was expected> (0x000000070d57e768) 
thrown [s\open\src\hotspot\share\interpreter\linkResolver.cpp, line 871]
Event: 2.023 Thread 0x000001a6718bb1b0 Exception <a 'java/lang/NoSuchMethodError'{0x000000070d1196a8}: 'int java.lang.invoke.DirectMethodHandle$Holder.invokeSpecial(java.lang.Object, java.lang.Object, java.lang.Object, java.lang.Object, java.lang.Object)'> (0x000000070d1196a8) 
thrown [s\open\src\hotspot\share\interpreter\linkResolver.cpp, line 804]
Event: 2.228 Thread 0x000001a6718bb1b0 Exception <a 'java/lang/IncompatibleClassChangeError'{0x0000000705164810}: Found class java.lang.Object, but interface was expected> (0x0000000705164810) 
thrown [s\open\src\hotspot\share\interpreter\linkResolver.cpp, line 871]

VM Operations (20 events):
Event: 2.092 Executing safepoint VM operation: CollectForMetadataAllocation (Metadata GC Threshold) done
Event: 2.092 Executing safepoint VM operation: CollectForMetadataAllocation (Metadata GC Threshold)
Event: 2.092 Executing safepoint VM operation: CollectForMetadataAllocation (Metadata GC Threshold) done
Event: 2.106 Executing safepoint VM operation: G1PauseRemark
Event: 2.108 Executing safepoint VM operation: G1PauseRemark done
Event: 2.112 Executing safepoint VM operation: G1PauseCleanup
Event: 2.112 Executing safepoint VM operation: G1PauseCleanup done
Event: 2.236 Executing non-safepoint VM operation: HandshakeAllThreads (Deoptimize)
Event: 2.236 Executing non-safepoint VM operation: HandshakeAllThreads (Deoptimize) done
Event: 2.477 Executing non-safepoint VM operation: HandshakeAllThreads (Deoptimize)
Event: 2.477 Executing non-safepoint VM operation: HandshakeAllThreads (Deoptimize) done
Event: 2.519 Executing non-safepoint VM operation: HandshakeAllThreads (Deoptimize)
Event: 2.520 Executing non-safepoint VM operation: HandshakeAllThreads (Deoptimize) done
Event: 2.557 Executing safepoint VM operation: G1CollectForAllocation (G1 Evacuation Pause)
Event: 2.573 Executing safepoint VM operation: G1CollectForAllocation (G1 Evacuation Pause) done
Event: 2.911 Executing non-safepoint VM operation: HandshakeAllThreads (Deoptimize)
Event: 2.911 Executing non-safepoint VM operation: HandshakeAllThreads (Deoptimize) done
Event: 2.956 Executing non-safepoint VM operation: HandshakeAllThreads (Deoptimize)
Event: 2.956 Executing non-safepoint VM operation: HandshakeAllThreads (Deoptimize) done
Event: 3.171 Executing safepoint VM operation: G1CollectForAllocation (G1 Evacuation Pause)

Memory protections (0 events):
No events

Nmethod flushes (0 events):
No events

Events (20 events):
Event: 0.519 Thread 0x000001a6718bb1b0 Thread added: 0x000001a60a7f98c0
Event: 0.741 Thread 0x000001a67e5d8a20 Thread added: 0x000001a60b11dcc0
Event: 0.786 Thread 0x000001a60b11dcc0 Thread added: 0x000001a60b170e80
Event: 0.807 Thread 0x000001a60b170e80 Thread added: 0x000001a60b1c7cf0
Event: 0.815 Thread 0x000001a60b170e80 Thread added: 0x000001a60b1aa6c0
Event: 1.133 Thread 0x000001a60b11dcc0 Thread added: 0x000001a60b602e60
Event: 1.135 Thread 0x000001a60b602e60 Thread added: 0x000001a60b61fa60
Event: 1.154 Thread 0x000001a60b61fa60 Thread exited: 0x000001a60b61fa60
Event: 1.655 Thread 0x000001a60b170e80 Thread added: 0x000001a60b1d2490
Event: 1.660 Thread 0x000001a6718bb1b0 Thread added: 0x000001a60b1d72b0
Event: 1.660 Thread 0x000001a60b1d2490 Thread exited: 0x000001a60b1d2490
Event: 1.662 Thread 0x000001a60b1d72b0 Thread exited: 0x000001a60b1d72b0
Event: 1.776 Thread 0x000001a6718bb1b0 Thread added: 0x000001a60b1d2c60
Event: 2.162 Thread 0x000001a60b170e80 Thread added: 0x000001a60b1d0550
Event: 2.166 Thread 0x000001a60b1d0550 Thread exited: 0x000001a60b1d0550
Event: 2.176 Thread 0x000001a6718bb1b0 Thread added: 0x000001a60b1d3430
Event: 2.206 Thread 0x000001a60b1d3430 Thread exited: 0x000001a60b1d3430
Event: 2.325 Thread 0x000001a60b1d2c60 Thread exited: 0x000001a60b1d2c60
Event: 2.667 Thread 0x000001a60b170e80 Thread added: 0x000001a60b1d3430
Event: 2.672 Thread 0x000001a60b1d3430 Thread exited: 0x000001a60b1d3430


Dynamic libraries:
0x00007ff752500000 - 0x00007ff752510000 	C:\Program Files\Java\jdk-25.0.2\bin\java.exe
0x00007fff99af0000 - 0x00007fff99ce8000 	C:\Windows\SYSTEM32\ntdll.dll
0x00007fff98190000 - 0x00007fff98252000 	C:\Windows\System32\KERNEL32.DLL
0x00007fff97200000 - 0x00007fff974f6000 	C:\Windows\System32\KERNELBASE.dll
0x00007fff977f0000 - 0x00007fff978f0000 	C:\Windows\System32\ucrtbase.dll
0x00007fff8f110000 - 0x00007fff8f127000 	C:\Program Files\Java\jdk-25.0.2\bin\jli.dll
0x00007fff97ee0000 - 0x00007fff98081000 	C:\Windows\System32\USER32.dll
0x00007fff978f0000 - 0x00007fff97912000 	C:\Windows\System32\win32u.dll
0x00007fff98a80000 - 0x00007fff98aab000 	C:\Windows\System32\GDI32.dll
0x00007fff97680000 - 0x00007fff97799000 	C:\Windows\System32\gdi32full.dll
0x00007fff975b0000 - 0x00007fff9764d000 	C:\Windows\System32\msvcp_win.dll
0x00007fff8f0f0000 - 0x00007fff8f10e000 	C:\Program Files\Java\jdk-25.0.2\bin\VCRUNTIME140.dll
0x00007fff964b0000 - 0x00007fff9674b000 	C:\Windows\WinSxS\amd64_microsoft.windows.common-controls_6595b64144ccf1df_6.0.19041.6456_none_60b8a6cb71f64256\COMCTL32.dll
0x00007fff989e0000 - 0x00007fff98a7e000 	C:\Windows\System32\msvcrt.dll
0x00007fff999c0000 - 0x00007fff999ef000 	C:\Windows\System32\IMM32.DLL
0x00007fff94cc0000 - 0x00007fff94ccc000 	C:\Program Files\Java\jdk-25.0.2\bin\vcruntime140_1.dll
0x00007fff741f0000 - 0x00007fff7427d000 	C:\Program Files\Java\jdk-25.0.2\bin\msvcp140.dll
0x00007fff5e7c0000 - 0x00007fff5f61f000 	C:\Program Files\Java\jdk-25.0.2\bin\server\jvm.dll
0x00007fff999f0000 - 0x00007fff99aa1000 	C:\Windows\System32\ADVAPI32.dll
0x00007fff980f0000 - 0x00007fff9818f000 	C:\Windows\System32\sechost.dll
0x00007fff98d70000 - 0x00007fff98e90000 	C:\Windows\System32\RPCRT4.dll
0x00007fff97650000 - 0x00007fff97677000 	C:\Windows\System32\bcrypt.dll
0x00007fff994e0000 - 0x00007fff9954b000 	C:\Windows\System32\WS2_32.dll
0x00007fff96fe0000 - 0x00007fff9702b000 	C:\Windows\SYSTEM32\POWRPROF.dll
0x00007fff6ece0000 - 0x00007fff6ed07000 	C:\Windows\SYSTEM32\WINMM.dll
0x00007fff8c6a0000 - 0x00007fff8c6aa000 	C:\Windows\SYSTEM32\VERSION.dll
0x00007fff96fc0000 - 0x00007fff96fd2000 	C:\Windows\SYSTEM32\UMPDC.dll
0x00007fff952b0000 - 0x00007fff952c2000 	C:\Windows\SYSTEM32\kernel.appcore.dll
0x00007fff8f0e0000 - 0x00007fff8f0ea000 	C:\Program Files\Java\jdk-25.0.2\bin\jimage.dll
0x00007fff96ac0000 - 0x00007fff96cc1000 	C:\Windows\SYSTEM32\DBGHELP.DLL
0x00007fff968d0000 - 0x00007fff96904000 	C:\Windows\SYSTEM32\dbgcore.DLL
0x00007fff97920000 - 0x00007fff979a2000 	C:\Windows\System32\bcryptPrimitives.dll
0x00007fff8f0d0000 - 0x00007fff8f0e0000 	C:\Program Files\Java\jdk-25.0.2\bin\instrument.dll
0x00007fff8f060000 - 0x00007fff8f07f000 	C:\Program Files\Java\jdk-25.0.2\bin\java.dll
0x00007fff97b30000 - 0x00007fff97c5b000 	C:\Windows\System32\ole32.dll
0x00007fff98e90000 - 0x00007fff991e4000 	C:\Windows\System32\combase.dll
0x00007fff98260000 - 0x00007fff989d0000 	C:\Windows\System32\SHELL32.dll
0x00007fff94460000 - 0x00007fff94c05000 	C:\Windows\SYSTEM32\windows.storage.dll
0x00007fff96330000 - 0x00007fff9635b000 	C:\Windows\SYSTEM32\Wldp.dll
0x00007fff99210000 - 0x00007fff992dd000 	C:\Windows\System32\OLEAUT32.dll
0x00007fff98cc0000 - 0x00007fff98d6d000 	C:\Windows\System32\SHCORE.dll
0x00007fff98090000 - 0x00007fff980eb000 	C:\Windows\System32\shlwapi.dll
0x00007fff970b0000 - 0x00007fff970d4000 	C:\Windows\SYSTEM32\profapi.dll
0x00007fff741d0000 - 0x00007fff741e7000 	C:\Program Files\Java\jdk-25.0.2\bin\zip.dll
0x00007fff8f010000 - 0x00007fff8f022000 	C:\Program Files\Java\jdk-25.0.2\bin\net.dll
0x00007fff96110000 - 0x00007fff9617a000 	C:\Windows\system32\mswsock.dll
0x00007fff87920000 - 0x00007fff87936000 	C:\Program Files\Java\jdk-25.0.2\bin\nio.dll
0x00007fff95e50000 - 0x00007fff95f1a000 	C:\Windows\SYSTEM32\DNSAPI.dll
0x00007fff95e10000 - 0x00007fff95e4b000 	C:\Windows\SYSTEM32\IPHLPAPI.DLL
0x00007fff97b20000 - 0x00007fff97b28000 	C:\Windows\System32\NSI.dll
0x00007fff89750000 - 0x00007fff8975a000 	C:\Windows\System32\rasadhlp.dll
0x00007fff81880000 - 0x00007fff81900000 	C:\Windows\System32\fwpuclnt.dll
0x00007fff8c820000 - 0x00007fff8c82a000 	C:\Program Files\Java\jdk-25.0.2\bin\management.dll
0x00007fff8f050000 - 0x00007fff8f059000 	C:\Program Files\Java\jdk-25.0.2\bin\extnet.dll
0x00007fff7b6e0000 - 0x00007fff7b6ec000 	C:\Program Files\Java\jdk-25.0.2\bin\management_ext.dll
0x00007fff97b10000 - 0x00007fff97b18000 	C:\Windows\System32\PSAPI.DLL
0x00007fff96e80000 - 0x00007fff96e98000 	C:\Windows\SYSTEM32\CRYPTSP.dll
0x00007fff95ab0000 - 0x00007fff95ae8000 	C:\Windows\system32\rsaenh.dll
0x00007fff97070000 - 0x00007fff9709e000 	C:\Windows\SYSTEM32\USERENV.dll
0x00007fff962a0000 - 0x00007fff962ac000 	C:\Windows\SYSTEM32\CRYPTBASE.dll
0x00007fff72000000 - 0x00007fff72017000 	C:\Windows\system32\napinsp.dll
0x00007fff71fe0000 - 0x00007fff71ffb000 	C:\Windows\system32\pnrpnsp.dll
0x00007fff8d300000 - 0x00007fff8d31d000 	C:\Windows\system32\wshbth.dll
0x00007fff8e870000 - 0x00007fff8e88d000 	C:\Windows\system32\NLAapi.dll
0x00007fff71fc0000 - 0x00007fff71fd2000 	C:\Windows\System32\winrnr.dll
0x00007fff7b470000 - 0x00007fff7b4c1000 	C:\Windows\SYSTEM32\pdh.dll
0x00007fff795f0000 - 0x00007fff795ff000 	C:\Windows\System32\perfproc.dll
0x00007fff78360000 - 0x00007fff7836f000 	C:\Windows\System32\perfos.dll
0x00007fff7b5c0000 - 0x00007fff7b5ce000 	C:\Program Files\Java\jdk-25.0.2\bin\sunmscapi.dll
0x00007fff979b0000 - 0x00007fff97b0d000 	C:\Windows\System32\CRYPT32.dll
0x00007fff96480000 - 0x00007fff964a7000 	C:\Windows\SYSTEM32\ncrypt.dll
0x00007fff96440000 - 0x00007fff9647b000 	C:\Windows\SYSTEM32\NTASN1.dll

JVMTI agents:
C:\Program Files\JetBrains\IntelliJ IDEA 2026.1\lib\idea_rt.jar path:C:\Program Files\Java\jdk-25.0.2\bin\instrument.dll, loaded, initialized, instrumentlib options:52489

dbghelp: loaded successfully - version: 4.0.5 - missing functions: none
symbol engine: initialized successfully - sym options: 0x614 - pdb path: .;C:\Program Files\Java\jdk-25.0.2\bin;C:\Windows\SYSTEM32;C:\Windows\WinSxS\amd64_microsoft.windows.common-controls_6595b64144ccf1df_6.0.19041.6456_none_60b8a6cb71f64256;C:\Program Files\Java\jdk-25.0.2\bin\server

VM Arguments:
jvm_args: -XX:TieredStopAtLevel=1 -Dspring.output.ansi.enabled=always -Dcom.sun.management.jmxremote -Dspring.jmx.enabled=true -Dspring.liveBeansView.mbeanDomain -Dspring.application.admin.enabled=true -Dmanagement.endpoints.jmx.exposure.include=* -javaagent:C:\Program Files\JetBrains\IntelliJ IDEA 2026.1\lib\idea_rt.jar=52489 -Dfile.encoding=UTF-8 -Dsun.stdout.encoding=UTF-8 -Dsun.stderr.encoding=UTF-8 
java_command: com.microservice.ecommerce.order_service.OrderServiceApplication
java_class_path (initial): C:\Users\Nimap\microservice_learn\ecommerce\order-service\target\classes;C:\Users\Nimap\.m2\repository\org\springframework\boot\spring-boot-starter-actuator\4.0.5\spring-boot-starter-actuator-4.0.5.jar;C:\Users\Nimap\.m2\repository\org\springframework\boot\spring-boot-starter\4.0.5\spring-boot-starter-4.0.5.jar;C:\Users\Nimap\.m2\repository\org\springframework\boot\spring-boot-starter-logging\4.0.5\spring-boot-starter-logging-4.0.5.jar;C:\Users\Nimap\.m2\repository\ch\qos\logback\logback-classic\1.5.32\logback-classic-1.5.32.jar;C:\Users\Nimap\.m2\repository\ch\qos\logback\logback-core\1.5.32\logback-core-1.5.32.jar;C:\Users\Nimap\.m2\repository\org\apache\logging\log4j\log4j-to-slf4j\2.25.3\log4j-to-slf4j-2.25.3.jar;C:\Users\Nimap\.m2\repository\org\apache\logging\log4j\log4j-api\2.25.3\log4j-api-2.25.3.jar;C:\Users\Nimap\.m2\repository\org\slf4j\jul-to-slf4j\2.0.17\jul-to-slf4j-2.0.17.jar;C:\Users\Nimap\.m2\repository\org\springframework\boot\spring-boot-autoconfigure\4.0.5\spring-boot-autoconfigure-4.0.5.jar;C:\Users\Nimap\.m2\repository\jakarta\annotation\jakarta.annotation-api\3.0.0\jakarta.annotation-api-3.0.0.jar;C:\Users\Nimap\.m2\repository\org\yaml\snakeyaml\2.5\snakeyaml-2.5.jar;C:\Users\Nimap\.m2\repository\org\springframework\boot\spring-boot-starter-micrometer-metrics\4.0.5\spring-boot-starter-micrometer-metrics-4.0.5.jar;C:\Users\Nimap\.m2\repository\org\springframework\boot\spring-boot-micrometer-metrics\4.0.5\spring-boot-micrometer-metrics-4.0.5.jar;C:\Users\Nimap\.m2\repository\org\springframework\boot\spring-boot-micrometer-observation\4.0.5\spring-boot-micrometer-observation-4.0.5.jar;C:\Users\Nimap\.m2\repository\org\springframework\boot\spring-boot-actuator-autoconfigure\4.0.5\spring-boot-actuator-autoconfigure-4.0.5.jar;C:\Users\Nimap\.m2\repository\org\springframework\boot\spring-boot-actuator\4.0.5\spring-boot-actuator-4.0.5.jar;C:\Users\Nimap\.m2\repository\org\springframework\boot\spring-boot-health\4.0.5\spring-boot-health-4.0.5.jar;C:\Users\Nimap\.m2\repository\org\springframework\boot\spring-boot\4.0.5\spring-boot-4.0.5.jar;C:\Users\Nimap\.m2\repository\org\springframework\spring-context\7.0.6\spring-context-7.0.6.jar;C:\Users\Nimap\.m2\repository\io\micrometer\micrometer-observation\1.16.4\micrometer-observation-1.16.4.jar;C:\Users\Nimap\.m2\repository\org\jspecify\jspecify\1.0.0\jspecify-1.0.0.jar;C:\Users\Nimap\.m2\repository\io\micrometer\micrometer-commons\1.16.4\micrometer-commons-1.16.4.jar;C:\Users\Nimap\.m2\repository\io\micrometer\micrometer-jakarta9\1.16.4\micrometer-jakarta9-1.16.4.jar;C:\Users\Nimap\.m2\repository\io\micrometer\micrometer-core\1.16.4\micrometer-core-1.16.4.jar;C:\Users\Nimap\.m2\repository\org\hdrhistogram\HdrHistogram\2.2.2\HdrHistogram-2.2.2.jar;C:\Users\Nimap\.m2\repository\org\latencyutils\LatencyUtils\2.0.3\LatencyUtils-2.0.3.jar;C:\Users\Nimap\.m2\repository\org\springframework\boot\spring-boot-starter-data-jpa\4.0.5\spring-boot-starter-data-jpa-4.0.5.jar;C:\Users\Nimap\.m2\repository\org\springframework\boot\spring-boot-starter-jdbc\4.0.5\spring-boot-starter-jdbc-4.0.5.jar;C:\Users\Nimap\.m2\repository\com\zaxxer\HikariCP\7.0.2\HikariCP-7.0.2.jar;C:\Users\Nimap\.m2\repository\org\springframework\boot\spring-boot-data-jpa\4.0.5\spring-boot-data-jpa-4.0.5.jar;C:\Users\Nimap\.m2\repository\org\springframework\boot\spring-boot-data-commons\4.0.5\spring-boot-data-commons-4.0.5.jar;C:\Users\Nimap\.m2\repository\org\springframework\boot\spring-boot-persistence\4.0.5\spring-boot-persistence-4.0.5.jar;C:\Users\Nimap\.m2\repository\org\springframework\data\spring-data-commons\4.0.4\spring-data-commons-4.0.4.jar;C:\Users\Nimap\.m2\repository\org\springframework\boot\spring-boot-hibernate\4.0.5\spring-boot-hibernate-4.0.5.jar;C:\Users\Nimap\.m2\repository\org\springframework\boot\spring-boot-jpa\4.0.5\spring-boot-jpa-4.0.5.jar;C:\Users\Nimap\.m2\repository\jakarta\persistence\jakarta.persistence-api\3.2.0\jakarta.persistence-api-3.2.0.jar;C:\Users\Nimap\.m2\repository\org\hibernate\orm\hibernate-core\7.2.7.Final\hibernate-core-7.2.7.Final.jar;C:\Users\Nimap\.m2\repository\jakarta\transaction\jakarta.transaction-api\2.0.1\jakarta.transaction-api-2.0.1.jar;C:\Users\Nimap\.m2\repository\org\jboss\logging\jboss-logging\3.6.3.Final\jboss-logging-3.6.3.Final.jar;C:\Users\Nimap\.m2\repository\org\hibernate\models\hibernate-models\1.0.1\hibernate-models-1.0.1.jar;C:\Users\Nimap\.m2\repository\com\fasterxml\classmate\1.7.3\classmate-1.7.3.jar;C:\Users\Nimap\.m2\repository\org\glassfish\jaxb\jaxb-runtime\4.0.6\jaxb-runtime-4.0.6.jar;C:\Users\Nimap\.m2\repository\org\glassfish\jaxb\jaxb-core\4.0.6\jaxb-core-4.0.6.jar;C:\Users\Nimap\.m2\repository\org\eclipse\angus\angus-activation\2.0.3\angus-activation-2.0.3.jar;C:\Users\Nimap\.m2\repository\org\glassfish\jaxb\txw2\4.0.6\txw2-4.0.6.jar;C:\Users\Nimap\.m2\repository\com\sun\istack\istack-commons-runtime\4.1.2\istack-commons-runtime-4.1.2.jar;C:\Users\Nimap\.m2\repository\org\springframework\spring-orm\7.0.6\spring-orm-7.0.6.jar;C:\Users\Nimap\.m2\repository\org\springframework\data\spring-data-jpa\4.0.4\spring-data-jpa-4.0.4.jar;C:\Users\Nimap\.m2\repository\org\springframework\spring-aop\7.0.6\spring-aop-7.0.6.jar;C:\Users\Nimap\.m2\repository\org\springframework\spring-tx\7.0.6\spring-tx-7.0.6.jar;C:\Users\Nimap\.m2\repository\org\springframework\spring-beans\7.0.6\spring-beans-7.0.6.jar;C:\Users\Nimap\.m2\repository\org\antlr\antlr4-runtime\4.13.2\antlr4-runtime-4.13.2.jar;C:\Users\Nimap\.m2\repository\org\springframework\spring-aspects\7.0.6\spring-aspects-7.0.6.jar;C:\Users\Nimap\.m2\repository\org\aspectj\aspectjweaver\1.9.25.1\aspectjweaver-1.9.25.1.jar;C:\Users\Nimap\.m2\repository\org\springframework\boot\spring-boot-jdbc\4.0.5\spring-boot-jdbc-4.0.5.jar;C:\Users\Nimap\.m2\repository\org\springframework\boot\spring-boot-sql\4.0.5\spring-boot-sql-4.0.5.jar;C:\Users\Nimap\.m2\repository\org\springframework\boot\spring-boot-transaction\4.0.5\spring-boot-transaction-4.0.5.jar;C:\Users\Nimap\.m2\repository\org\springframework\spring-jdbc\7.0.6\spring-jdbc-7.0.6.jar;C:\Users\Nimap\.m2\repository\org\springframework\boot\spring-boot-starter-webmvc\4.0.5\spring-boot-starter-webmvc-4.0.5.jar;C:\Users\Nimap\.m2\repository\org\springframework\boot\spring-boot-starter-jackson\4.0.5\spring-boot-starter-jackson-4.0.5.jar;C:\Users\Nimap\.m2\repository\org\springframework\boot\spring-boot-jackson\4.0.5\spring-boot-jackson-4.0.5.jar;C:\Users\Nimap\.m2\repository\tools\jackson\core\jackson-databind\3.1.0\jackson-databind-3.1.0.jar;C:\Users\Nimap\.m2\repository\tools\jackson\core\jackson-core\3.1.0\jackson-core-3.1.0.jar;C:\Users\Nimap\.m2\repository\org\springframework\boot\spring-boot-starter-tomcat\4.0.5\spring-boot-starter-tomcat-4.0.5.jar;C:\Users\Nimap\.m2\repository\org\springframework\boot\spring-boot-starter-tomcat-runtime\4.0.5\spring-boot-starter-tomcat-runtime-4.0.5.jar;C:\Users\Nimap\.m2\repository\org\apache\tomcat\embed\tomcat-embed-core\11.0.20\tomcat-embed-core-11.0.20.jar;C:\Users\Nimap\.m2\repository\org\apache\tomcat\embed\tomcat-embed-el\11.0.20\tomcat-embed-el-11.0.20.jar;C:\Users\Nimap\.m2\repository\org\apache\tomcat\embed\tomcat-embed-websocket\11.0.20\tomcat-embed-websocket-11.0.20.jar;C:\Users\Nimap\.m2\repository\org\springframework\boot\spring-boot-tomcat\4.0.5\spring-boot-tomcat-4.0.5.jar;C:\Users\Nimap\.m2\repository\org\springframework\boot\spring-boot-http-converter\4.0.5\spring-boot-http-converter-4.0.5.jar;C:\Users\Nimap\.m2\repository\org\springframework\spring-web\7.0.6\spring-web-7.0.6.jar;C:\Users\Nimap\.m2\repository\org\springframework\boot\spring-boot-webmvc\4.0.5\spring-boot-webmvc-4.0.5.jar;C:\Users\Nimap\.m2\repository\org\springframework\boot\spring-boot-servlet\4.0.5\spring-boot-servlet-4.0.5.jar;C:\Users\Nimap\.m2\repository\org\springframework\spring-webmvc\7.0.6\spring-webmvc-7.0.6.jar;C:\Users\Nimap\.m2\repository\org\springframework\spring-expression\7.0.6\spring-expression-7.0.6.jar;C:\Users\Nimap\.m2\repository\org\springframework\cloud\spring-cloud-starter-netflix-eureka-client\5.0.1\spring-cloud-starter-netflix-eureka-client-5.0.1.jar;C:\Users\Nimap\.m2\repository\org\springframework\cloud\spring-cloud-starter\5.0.1\spring-cloud-starter-5.0.1.jar;C:\Users\Nimap\.m2\repository\org\springframework\cloud\spring-cloud-context\5.0.1\spring-cloud-context-5.0.1.jar;C:\Users\Nimap\.m2\repository\org\springframework\boot\spring-boot-restclient\4.0.5\spring-boot-restclient-4.0.5.jar;C:\Users\Nimap\.m2\repository\org\springframework\boot\spring-boot-http-client\4.0.5\spring-boot-http-client-4.0.5.jar;C:\Users\Nimap\.m2\repository\org\springframework\security\spring-security-crypto\7.0.4\spring-security-crypto-7.0.4.jar;C:\Users\Nimap\.m2\repository\org\springframework\cloud\spring-cloud-commons\5.0.1\spring-cloud-commons-5.0.1.jar;C:\Users\Nimap\.m2\repository\org\bouncycastle\bcprov-jdk18on\1.81\bcprov-jdk18on-1.81.jar;C:\Users\Nimap\.m2\repository\org\springframework\cloud\spring-cloud-netflix-eureka-client\5.0.1\spring-cloud-netflix-eureka-client-5.0.1.jar;C:\Users\Nimap\.m2\repository\org\springframework\boot\spring-boot-jackson2\4.0.5\spring-boot-jackson2-4.0.5.jar;C:\Users\Nimap\.m2\repository\com\fasterxml\jackson\datatype\jackson-datatype-jdk8\2.21.2\jackson-datatype-jdk8-2.21.2.jar;C:\Users\Nimap\.m2\repository\com\fasterxml\jackson\datatype\jackson-datatype-jsr310\2.21.2\jackson-datatype-jsr310-2.21.2.jar;C:\Users\Nimap\.m2\repository\com\fasterxml\jackson\module\jackson-module-parameter-names\2.21.2\jackson-module-parameter-names-2.21.2.jar;C:\Users\Nimap\.m2\repository\org\apache\httpcomponents\client5\httpclient5\5.5.2\httpclient5-5.5.2.jar;C:\Users\Nimap\.m2\repository\org\apache\httpcomponents\core5\httpcore5\5.3.6\httpcore5-5.3.6.jar;C:\Users\Nimap\.m2\repository\org\apache\httpcomponents\core5\httpcore5-h2\5.3.6\httpcore5-h2-5.3.6.jar;C:\Users\Nimap\.m2\repository\com\netflix\eureka\eureka-client\2.0.5\eureka-client-2.0.5.jar;C:\Users\Nimap\.m2\repository\com\thoughtworks\xstream\xstream\1.4.21\xstream-1.4.21.jar;C:\Users\Nimap\.m2\repository\io\github\x-stream\mxparser\1.2.2\mxparser-1.2.2.jar;C:\Users\Nimap\.m2\repository\xmlpull\xmlpull\1.1.3.1\xmlpull-1.1.3.1.jar;C:\Users\Nimap\.m2\repository\jakarta\ws\rs\jakarta.ws.rs-api\4.0.0\jakarta.ws.rs-api-4.0.0.jar;C:\Users\Nimap\.m2\repository\jakarta\inject\jakarta.inject-api\2.0.1\jakarta.inject-api-2.0.1.jar;C:\Users\Nimap\.m2\repository\com\netflix\spectator\spectator-api\1.7.3\spectator-api-1.7.3.jar;C:\Users\Nimap\.m2\repository\org\slf4j\slf4j-api\2.0.17\slf4j-api-2.0.17.jar;C:\Users\Nimap\.m2\repository\org\apache\httpcomponents\httpclient\4.5.3\httpclient-4.5.3.jar;C:\Users\Nimap\.m2\repository\org\apache\httpcomponents\httpcore\4.4.16\httpcore-4.4.16.jar;C:\Users\Nimap\.m2\repository\commons-codec\commons-codec\1.19.0\commons-codec-1.19.0.jar;C:\Users\Nimap\.m2\repository\commons-configuration\commons-configuration\1.10\commons-configuration-1.10.jar;C:\Users\Nimap\.m2\repository\commons-lang\commons-lang\2.6\commons-lang-2.6.jar;C:\Users\Nimap\.m2\repository\com\fasterxml\jackson\core\jackson-annotations\2.21\jackson-annotations-2.21.jar;C:\Users\Nimap\.m2\repository\com\fasterxml\jackson\core\jackson-core\2.21.2\jackson-core-2.21.2.jar;C:\Users\Nimap\.m2\repository\com\fasterxml\jackson\core\jackson-databind\2.21.2\jackson-databind-2.21.2.jar;C:\Users\Nimap\.m2\repository\com\netflix\netflix-commons\netflix-eventbus\0.3.0\netflix-eventbus-0.3.0.jar;C:\Users\Nimap\.m2\repository\com\netflix\netflix-commons\netflix-infix\0.3.0\netflix-infix-0.3.0.jar;C:\Users\Nimap\.m2\repository\commons-jxpath\commons-jxpath\1.3\commons-jxpath-1.3.jar;C:\Users\Nimap\.m2\repository\joda-time\joda-time\2.3\joda-time-2.3.jar;C:\Users\Nimap\.m2\repository\org\antlr\antlr-runtime\3.4\antlr-runtime-3.4.jar;C:\Users\Nimap\.m2\repository\org\antlr\stringtemplate\3.2.1\stringtemplate-3.2.1.jar;C:\Users\Nimap\.m2\repository\antlr\antlr\2.7.7\antlr-2.7.7.jar;C:\Users\Nimap\.m2\repository\com\google\code\gson\gson\2.13.2\gson-2.13.2.jar;C:\Users\Nimap\.m2\repository\com\google\errorprone\error_prone_annotations\2.41.0\error_prone_annotations-2.41.0.jar;C:\Users\Nimap\.m2\repository\com\netflix\servo\servo-core\0.5.3\servo-core-0.5.3.jar;C:\Users\Nimap\.m2\repository\org\apache\commons\commons-math\2.2\commons-math-2.2.jar;C:\Users\Nimap\.m2\repository\javax\annotation\javax.annotation-api\1.2\javax.annotation-api-1.2.jar;C:\Users\Nimap\.m2\repository\org\codehaus\jettison\jettison\1.5.4\jettison-1.5.4.jar;C:\Users\Nimap\.m2\repository\org\springframework\cloud\spring-cloud-starter-loadbalancer\5.0.1\spring-cloud-starter-loadbalancer-5.0.1.jar;C:\Users\Nimap\.m2\repository\org\springframework\cloud\spring-cloud-loadbalancer\5.0.1\spring-cloud-loadbalancer-5.0.1.jar;C:\Users\Nimap\.m2\repository\io\projectreactor\reactor-core\3.8.4\reactor-core-3.8.4.jar;C:\Users\Nimap\.m2\repository\org\reactivestreams\reactive-streams\1.0.4\reactive-streams-1.0.4.jar;C:\Users\Nimap\.m2\repository\io\projectreactor\addons\reactor-extra\3.6.0\reactor-extra-3.6.0.jar;C:\Users\Nimap\.m2\repository\org\springframework\boot\spring-boot-starter-cache\4.0.5\spring-boot-starter-cache-4.0.5.jar;C:\Users\Nimap\.m2\repository\org\springframework\boot\spring-boot-cache\4.0.5\spring-boot-cache-4.0.5.jar;C:\Users\Nimap\.m2\repository\org\springframework\spring-context-support\7.0.6\spring-context-support-7.0.6.jar;C:\Users\Nimap\.m2\repository\com\stoyanr\evictor\1.0.0\evictor-1.0.0.jar;C:\Users\Nimap\.m2\repository\com\mysql\mysql-connector-j\9.6.0\mysql-connector-j-9.6.0.jar;C:\Users\Nimap\.m2\repository\org\postgresql\postgresql\42.7.10\postgresql-42.7.10.jar;C:\Users\Nimap\.m2\repository\org\checkerframework\checker-qual\3.52.0\checker-qual-3.52.0.jar;C:\Users\Nimap\.m2\repository\org\projectlombok\lombok\1.18.44\lombok-1.18.44.jar;C:\Users\Nimap\.m2\repository\jakarta\xml\bind\jakarta.xml.bind-api\4.0.4\jakarta.xml.bind-api-4.0.4.jar;C:\Users\Nimap\.m2\repository\jakarta\activation\jakarta.activation-api\2.1.4\jakarta.activation-api-2.1.4.jar;C:\Users\Nimap\.m2\repository\net\bytebuddy\byte-buddy\1.17.8\byte-buddy-1.17.8.jar;C:\Users\Nimap\.m2\repository\org\springframework\spring-core\7.0.6\spring-core-7.0.6.jar;C:\Users\Nimap\.m2\repository\commons-logging\commons-logging\1.3.6\commons-logging-1.3.6.jar;C:\Users\Nimap\.m2\repository\org\springframework\boot\spring-boot-web-server\4.0.5\spring-boot-web-server-4.0.5.jar
Launcher Type: SUN_STANDARD

[Global flags]
     intx CICompilerCount                          = 3                                         {product} {ergonomic}
     uint ConcGCThreads                            = 1                                         {product} {ergonomic}
     uint G1ConcRefinementThreads                  = 4                                         {product} {ergonomic}
   size_t G1HeapRegionSize                         = 2097152                                   {product} {ergonomic}
   size_t InitialHeapSize                          = 268435456                                 {product} {ergonomic}
     bool ManagementServer                         = true                                      {product} {command line}
   size_t MarkStackSize                            = 4194304                                   {product} {ergonomic}
   size_t MarkStackSizeMax                         = 536870912                                 {product} {ergonomic}
   size_t MaxHeapSize                              = 4263510016                                {product} {ergonomic}
   size_t MaxNewSize                               = 2556428288                                {product} {ergonomic}
   size_t MinHeapDeltaBytes                        = 2097152                                   {product} {ergonomic}
   size_t MinHeapSize                              = 8388608                                   {product} {ergonomic}
    uintx NonNMethodCodeHeapSize                   = 4096                                   {pd product} {ergonomic}
    uintx NonProfiledCodeHeapSize                  = 0                                      {pd product} {ergonomic}
     bool ProfileInterpreter                       = false                                  {pd product} {command line}
    uintx ProfiledCodeHeapSize                     = 0                                      {pd product} {ergonomic}
   size_t SoftMaxHeapSize                          = 4263510016                             {manageable} {ergonomic}
     intx TieredStopAtLevel                        = 1                                         {product} {command line}
     bool UseCompressedOops                        = true                           {product lp64_product} {ergonomic}
     bool UseG1GC                                  = true                                      {product} {ergonomic}
     bool UseLargePagesIndividualAllocation        = false                                  {pd product} {ergonomic}

Logging:
Log output configuration:
 #0: stdout all=warning uptime,level,tags foldmultilines=false
 #1: stderr all=off uptime,level,tags foldmultilines=false

Release file:
IMPLEMENTOR="Oracle Corporation" 
JAVA_RUNTIME_VERSION="25.0.2+10-LTS-69" 
JAVA_VERSION="25.0.2" 
JAVA_VERSION_DATE="2026-01-20" 
LIBC="default" 
MODULES="java.base java.compiler java.datatransfer java.xml java.prefs java.desktop java.instrument java.logging java.management java.security.sasl java.naming java.rmi java.management.rmi java.net.http java.scripting java.security.jgss java.transaction.xa java.sql java.sql.rowset java.xml.crypto java.se java.smartcardio jdk.accessibility jdk.internal.jvmstat jdk.attach jdk.charsets jdk.internal.opt jdk.zipfs jdk.compiler jdk.crypto.cryptoki jdk.crypto.ec jdk.crypto.mscapi jdk.dynalink jdk.internal.ed jdk.editpad jdk.internal.vm.ci jdk.graal.compiler jdk.graal.compiler.management jdk.hotspot.agent jdk.httpserver jdk.incubator.vector jdk.internal.le jdk.internal.md jdk.jartool jdk.javadoc jdk.jcmd jdk.management jdk.management.agent jdk.jconsole jdk.jdeps jdk.jdwp.agent jdk.jdi jdk.jfr jdk.jlink jdk.jpackage jdk.jshell jdk.jsobject jdk.jstatd jdk.localedata jdk.management.jfr jdk.naming.dns jdk.naming.rmi jdk.net jdk.nio.mapmode jdk.sctp jdk.security.auth jdk.security.jgss jdk.unsupported jdk.unsupported.desktop jdk.xml.dom" 
OS_ARCH="x86_64" 
OS_NAME="Windows" 
SOURCE=".:git:b75efb40c93a open:git:405a5699ebd0" 

Environment Variables:
JAVA_HOME=C:\Program Files\Java\jdk-25.0.2\bin
PATH=C:\Program Files\Common Files\Oracle\Java\javapath;C:\Windows\system32;C:\Windows;C:\Windows\System32\Wbem;C:\Windows\System32\WindowsPowerShell\v1.0\;C:\Windows\System32\OpenSSH\;C:\Program Files\Git\cmd;%JAVA_HOME%;C:\Program Files\Docker\Docker\resources\bin;C:\Program Files\MySQL\MySQL Shell 8.0\bin\;C:\Users\Nimap\AppData\Local\Microsoft\WindowsApps;
USERNAME=Nimap
OS=Windows_NT
PROCESSOR_IDENTIFIER=Intel64 Family 6 Model 142 Stepping 9, GenuineIntel
TMP=C:\Users\Nimap\AppData\Local\Temp
TEMP=C:\Users\Nimap\AppData\Local\Temp




Compilation memory statistics disabled.

Periodic native trim disabled

---------------  S Y S T E M  ---------------

OS:
 Windows 10 , 64 bit Build 19041 (10.0.19041.5915)
OS uptime: 0 days 3:13 hours
Hyper-V role detected

CPU: total 4 (initial active 4) (2 cores per cpu, 2 threads per core) family 6 model 142 stepping 9 microcode 0xf4, cx8, cmov, fxsr, ht, mmx, 3dnowpref, sse, sse2, sse3, ssse3, sse4.1, sse4.2, popcnt, lzcnt, tsc, tscinvbit, avx, avx2, aes, erms, clmul, bmi1, bmi2, rtm, adx, fma, vzeroupper, clflush, clflushopt, hv, rdtscp, f16c
Processor Information for the first 4 processors :
  Max Mhz: 2904, Current Mhz: 2803, Mhz Limit: 2787

Memory: 4k page, system-wide physical 16259M (5110M free)
TotalPageFile size 18691M (AvailPageFile size 4153M)
current process WorkingSet (physical memory assigned to process): 174M, peak: 185M
current process commit charge ("private bytes"): 213M, peak: 381M

vm_info: Java HotSpot(TM) 64-Bit Server VM (25.0.2+10-LTS-69) for windows-amd64 JRE (25.0.2+10-LTS-69), built on 2025-12-18T11:36:35Z with MS VC++ 17.13 (VS2022)

END.
